<?xml version="1.0" encoding="utf-8"?><testsuites name="pytest tests"><testsuite name="pytest" errors="0" failures="0" skipped="2" tests="232" time="23.014" timestamp="2026-04-09T20:26:50.940854+00:00" hostname="ubuntu"><testcase classname="drift.test_container_state_paths.TestNoRawDictInOrchestrator" name="test_orchestrator_has_no_raw_container_state_dict" time="0.001" /><testcase classname="drift.test_container_state_paths.TestNoRawDictInOrchestrator" name="test_orchestrator_has_no_raw_container_lock" time="0.001" /><testcase classname="drift.test_container_state_paths.TestNoRawDictInOrchestrator" name="test_flow_utils_has_no_raw_container_state_dict" time="0.000" /><testcase classname="drift.test_container_state_paths.TestNoRawDictInOrchestrator" name="test_flow_utils_has_no_raw_container_lock" time="0.000" /><testcase classname="drift.test_container_state_paths.TestStoreInitialisierung" name="test_flow_utils_imports_store" time="0.000" /><testcase classname="drift.test_container_state_paths.TestStoreInitialisierung" name="test_flow_utils_creates_container_state_store" time="0.000" /><testcase classname="drift.test_container_state_paths.TestOrchestratorWrapper" name="test_orchestrator_has_get_recent_wrapper" time="0.001" /><testcase classname="drift.test_container_state_paths.TestOrchestratorWrapper" name="test_orchestrator_has_remember_wrapper" time="0.001" /><testcase classname="drift.test_container_state_paths.TestOrchestratorWrapper" name="test_orchestrator_has_update_from_tool_result_wrapper" time="0.001" /><testcase classname="drift.test_container_state_paths.TestDataclassUndStorePflichtfelder" name="test_dataclass_has_all_required_fields" time="0.000" /><testcase classname="drift.test_container_state_paths.TestDataclassUndStorePflichtfelder" name="test_dataclass_has_from_dict" time="0.000" /><testcase classname="drift.test_container_state_paths.TestDataclassUndStorePflichtfelder" name="test_dataclass_has_to_dict" time="0.000" /><testcase classname="drift.test_container_state_paths.TestDataclassUndStorePflichtfelder" name="test_store_has_remember" time="0.000" /><testcase classname="drift.test_container_state_paths.TestDataclassUndStorePflichtfelder" name="test_store_has_get_recent" time="0.000" /><testcase classname="drift.test_container_state_paths.TestDataclassUndStorePflichtfelder" name="test_store_has_update_from_tool_result" time="0.000" /><testcase classname="drift.test_container_state_paths.TestDataclassUndStorePflichtfelder" name="test_store_module_exists" time="0.000" /><testcase classname="drift.test_container_state_paths.TestKeinDriftInAnderenModulen" name="test_no_other_core_module_manages_raw_container_state" time="0.003" /><testcase classname="drift.test_container_state_paths.TestKeinDriftInAnderenModulen" name="test_no_adapter_module_manages_raw_container_state" time="0.002" /><testcase classname="drift.test_workspace_event_paths.TestOnlyEmitterCallsFastLane" name="test_emitter_itself_calls_fast_lane" time="0.000" /><testcase classname="drift.test_workspace_event_paths.TestOnlyEmitterCallsFastLane" name="test_shell_context_bridge_has_no_direct_fast_lane_call" time="0.000" /><testcase classname="drift.test_workspace_event_paths.TestOnlyEmitterCallsFastLane" name="test_orchestrator_has_no_direct_fast_lane_call" time="0.001" /><testcase classname="drift.test_workspace_event_paths.TestOnlyEmitterCallsFastLane" name="test_stream_flow_utils_has_no_direct_fast_lane_call" time="0.001" /><testcase classname="drift.test_workspace_event_paths.TestOnlyEmitterCallsFastLane" name="test_sync_flow_utils_has_no_direct_fast_lane_call" time="0.000" /><testcase classname="drift.test_workspace_event_paths.TestOnlyEmitterCallsFastLane" name="test_no_other_module_calls_fast_lane_directly" time="0.033" /><testcase classname="drift.test_workspace_event_paths.TestSyncPathParity" name="test_sync_flow_has_at_least_3_workspace_saves" time="0.000" /><testcase classname="drift.test_workspace_event_paths.TestSyncPathParity" name="test_sync_flow_saves_thinking_observation" time="0.000" /><testcase classname="drift.test_workspace_event_paths.TestSyncPathParity" name="test_sync_flow_saves_control_decision" time="0.000" /><testcase classname="drift.test_workspace_event_paths.TestSyncPathParity" name="test_sync_flow_saves_chat_done" time="0.000" /><testcase classname="drift.test_workspace_event_paths.TestSyncPathParity" name="test_stream_flow_also_has_workspace_saves" time="0.001" /><testcase classname="drift.test_workspace_event_paths.TestShellBridgeUsesEmitter" name="test_shell_bridge_imports_workspace_emitter" time="0.000" /><testcase classname="drift.test_workspace_event_paths.TestShellBridgeUsesEmitter" name="test_shell_bridge_calls_persist_and_broadcast" time="0.000" /><testcase classname="drift.test_workspace_event_paths.TestShellBridgeUsesEmitter" name="test_shell_bridge_has_no_emit_workspace_update_calls" time="0.000" /><testcase classname="drift.test_workspace_event_paths.TestEmitterMandatoryFields" name="test_persist_passes_conversation_id" time="0.000" /><testcase classname="drift.test_workspace_event_paths.TestEmitterMandatoryFields" name="test_persist_passes_event_type" time="0.000" /><testcase classname="drift.test_workspace_event_paths.TestEmitterMandatoryFields" name="test_persist_passes_event_data" time="0.000" /><testcase classname="drift.test_workspace_event_paths.TestEmitterMandatoryFields" name="test_emitter_result_contract_has_entry_id_and_sse_dict" time="0.000" /><testcase classname="drift.test_workspace_event_paths.TestEmitterMandatoryFields" name="test_persist_returns_workspace_event_result" time="0.000" /><testcase classname="drift.test_workspace_event_paths.TestEmitterMandatoryFields" name="test_orchestrator_save_workspace_entry_delegates_to_emitter" time="0.001" /><testcase classname="drift.test_workspace_event_paths.TestEmitterMandatoryFields" name="test_orchestrator_save_container_event_delegates_to_emitter" time="0.000" /><testcase classname="unit.test_single_truth_skill_context_sync_stream.TestSkillContextRendererConfig" name="test_default_is_typedstate" time="0.002" /><testcase classname="unit.test_single_truth_skill_context_sync_stream.TestSkillContextRendererConfig" name="test_env_override_to_legacy" time="0.002" /><testcase classname="unit.test_single_truth_skill_context_sync_stream.TestSkillContextRendererConfig" name="test_env_override_to_typedstate_explicit" time="0.001" /><testcase classname="unit.test_single_truth_skill_context_sync_stream.TestSkillContextRendererConfig" name="test_getter_exists" time="0.001" /><testcase classname="unit.test_single_truth_skill_context_sync_stream.TestSkillContextRendererConfig" name="test_return_type_is_str" time="0.001" /><testcase classname="unit.test_single_truth_skill_context_sync_stream.TestGetSkillContextRouting" name="test_default_renderer_routes_to_typedstate" time="0.002" /><testcase classname="unit.test_single_truth_skill_context_sync_stream.TestGetSkillContextRouting" name="test_legacy_renderer_calls_search_skill_graph" time="0.002" /><testcase classname="unit.test_single_truth_skill_context_sync_stream.TestGetSkillContextRouting" name="test_legacy_renderer_returns_legacy_format" time="0.002" /><testcase classname="unit.test_single_truth_skill_context_sync_stream.TestGetSkillContextRouting" name="test_routing_passes_query_unchanged" time="0.003" /><testcase classname="unit.test_single_truth_skill_context_sync_stream.TestGetSkillContextRouting" name="test_typedstate_renderer_calls_build_typedstate" time="0.002" /><testcase classname="unit.test_single_truth_skill_context_sync_stream.TestGetSkillContextRouting" name="test_typedstate_renderer_returns_typedstate_format" time="0.002" /><testcase classname="unit.test_single_truth_skill_context_sync_stream.TestNoDirectLegacyCall" name="test_c6_contract_documented" time="0.001" /><testcase classname="unit.test_single_truth_skill_context_sync_stream.TestNoDirectLegacyCall" name="test_context_get_skill_context_full_path_present" time="0.000" /><testcase classname="unit.test_single_truth_skill_context_sync_stream.TestNoDirectLegacyCall" name="test_get_skill_context_is_called" time="0.000" /><testcase classname="unit.test_single_truth_skill_context_sync_stream.TestNoDirectLegacyCall" name="test_maybe_prefetch_source_found" time="0.000" /><testcase classname="unit.test_single_truth_skill_context_sync_stream.TestNoDirectLegacyCall" name="test_no_direct_search_skill_graph_call" time="0.000" /><testcase classname="unit.test_single_truth_skill_context_sync_stream.TestNoDirectLegacyCall" name="test_no_legacy_header_string_in_prefetch_body" time="0.000" /><testcase classname="unit.test_single_truth_skill_context_sync_stream.TestNoSkillEchoSync" name="test_legacy_step_1_5_adds_skill_graph_to_sources" time="0.002" /><testcase classname="unit.test_single_truth_skill_context_sync_stream.TestNoSkillEchoSync" name="test_legacy_step_1_5_calls_get_skill_context_once" time="0.002" /><testcase classname="unit.test_single_truth_skill_context_sync_stream.TestNoSkillEchoSync" name="test_typedstate_no_skills_header_injected_via_step_1_5" time="0.002" /><testcase classname="unit.test_single_truth_skill_context_sync_stream.TestNoSkillEchoSync" name="test_typedstate_no_verfügbare_skills_in_system_tools" time="0.002" /><testcase classname="unit.test_single_truth_skill_context_sync_stream.TestNoSkillEchoSync" name="test_typedstate_step_1_5_does_not_call_get_skill_context" time="0.003" /><testcase classname="unit.test_single_truth_skill_context_sync_stream.TestNoSkillEchoSync" name="test_typedstate_step_1_5_no_skill_graph_in_sources" time="0.002" /><testcase classname="unit.test_single_truth_skill_context_sync_stream.TestNoSkillEchoStream" name="test_stream_legacy_step_1_5_calls_get_skill_context" time="0.002" /><testcase classname="unit.test_single_truth_skill_context_sync_stream.TestNoSkillEchoStream" name="test_stream_prefetch_calls_get_skill_context_not_legacy" time="0.002" /><testcase classname="unit.test_single_truth_skill_context_sync_stream.TestNoSkillEchoStream" name="test_stream_step_1_5_skipped_in_typedstate" time="0.002" /><testcase classname="unit.test_single_truth_skill_context_sync_stream.TestNoSkillEchoStream" name="test_stream_typedstate_result_has_skills_header" time="0.002" /><testcase classname="unit.test_single_truth_skill_context_sync_stream.TestSyncStreamParity" name="test_build_typedstate_skill_context_calls_c5_pipeline" time="0.004" /><testcase classname="unit.test_single_truth_skill_context_sync_stream.TestSyncStreamParity" name="test_legacy_sync_stream_prefetch_identical" time="0.003" /><testcase classname="unit.test_single_truth_skill_context_sync_stream.TestSyncStreamParity" name="test_renderer_switch_changes_format" time="0.003" /><testcase classname="unit.test_single_truth_skill_context_sync_stream.TestSyncStreamParity" name="test_typedstate_format_uses_skills_header" time="0.002" /><testcase classname="unit.test_single_truth_skill_context_sync_stream.TestSyncStreamParity" name="test_typedstate_single_occurrence_per_request" time="0.004" /><testcase classname="unit.test_single_truth_skill_context_sync_stream.TestSyncStreamParity" name="test_typedstate_step_1_5_not_injected_sync_or_stream" time="0.005" /><testcase classname="unit.test_single_truth_skill_context_sync_stream.TestSyncStreamParity" name="test_typedstate_sync_stream_prefetch_identical" time="0.003" /><testcase classname="unit.test_single_truth_channel.TestNoDoubleInjection" name="test_system_prompt_has_no_tool_results_section" time="0.004" /><testcase classname="unit.test_single_truth_channel.TestNoDoubleInjection" name="test_system_prompt_has_no_tool_results_in_non_small_mode" time="0.001" /><testcase classname="unit.test_single_truth_channel.TestNoDoubleInjection" name="test_user_message_is_plain_user_text" time="0.000" /><testcase classname="unit.test_single_truth_channel.TestNoDoubleInjection" name="test_user_message_plain_even_with_error" time="0.000" /><testcase classname="unit.test_single_truth_channel.TestNoDoubleInjection" name="test_legacy_full_prompt_no_tool_injection" time="0.000" /><testcase classname="unit.test_single_truth_channel.TestToolResultCard" name="test_card_within_cap" time="0.016" /><testcase classname="unit.test_single_truth_channel.TestToolResultCard" name="test_card_contains_ref_id" time="0.005" /><testcase classname="unit.test_single_truth_channel.TestToolResultCard" name="test_card_has_key_facts" time="0.003" /><testcase classname="unit.test_single_truth_channel.TestToolResultCard" name="test_card_bullet_cap_respected" time="0.003" /><testcase classname="unit.test_single_truth_channel.TestToolResultCard" name="test_error_card_contains_error_marker" time="0.003" /><testcase classname="unit.test_single_truth_channel.TestToolResultCard" name="test_workspace_event_saved" time="0.004" /><testcase classname="unit.test_single_truth_channel.TestToolResultCard" name="test_fail_closed_on_empty_result" time="0.003" /><testcase classname="unit.test_single_truth_channel.TestProtocolNoDump" name="test_protocol_not_loaded_without_time_reference" time="0.002" /><testcase classname="unit.test_single_truth_channel.TestProtocolNoDump" name="test_protocol_loaded_with_time_reference" time="0.001" /><testcase classname="unit.test_single_truth_channel.TestProtocolNoDump" name="test_protocol_not_in_memory_data_for_general_query" time="0.001" /><testcase classname="unit.test_single_truth_channel.TestRetrievalPolicy" name="test_normal_budget" time="0.003" /><testcase classname="unit.test_single_truth_channel.TestRetrievalPolicy" name="test_failure_budget" time="0.004" /><testcase classname="unit.test_single_truth_channel.TestRetrievalPolicy" name="test_verify_failure_triggers_budget" time="0.003" /><testcase classname="unit.test_single_truth_channel.TestRetrievalPolicy" name="test_time_reference_forwarded" time="0.003" /><testcase classname="unit.test_single_truth_channel.TestRetrievalPolicy" name="test_extra_lookup_respects_budget" time="0.003" /><testcase classname="unit.test_single_truth_channel.TestObservabilityParity" name="test_ctx_final_in_generate_stream" time="0.002" /><testcase classname="unit.test_single_truth_channel.TestObservabilityParity" name="test_ctx_final_in_generate_stream_sync" time="0.001" /><testcase classname="unit.test_single_truth_channel.TestObservabilityParity" name="test_ctx_final_same_fields" time="0.002" /><testcase classname="unit.test_single_truth_channel.TestStreamToolCardParity" name="test_stream_success_uses_card" time="0.001" /><testcase classname="unit.test_single_truth_channel.TestStreamToolCardParity" name="test_stream_error_uses_card" time="0.000" /><testcase classname="unit.test_single_truth_channel.TestStreamToolCardParity" name="test_stream_fast_lane_uses_card" time="0.000" /><testcase classname="unit.test_single_truth_channel.TestStreamToolCardParity" name="test_payload_cap_is_large" time="0.001" /><testcase classname="unit.test_single_truth_channel.TestStreamRetrievalBudgetParity" name="test_stream_extra_lookup_has_budget_check" time="0.000" /><testcase classname="unit.test_single_truth_channel.TestStreamRetrievalBudgetParity" name="test_stream_budget_skip_logged" time="0.000" /><testcase classname="unit.test_single_truth_channel.TestStreamRetrievalBudgetParity" name="test_budget_policy_normal_vs_failure_stream" time="0.003" /><testcase classname="unit.test_single_truth_channel.TestRetrievalCountIsNotStatic" name="test_normal_path_compact_sets_retrieval_count_1" time="3.019" /><testcase classname="unit.test_single_truth_channel.TestRetrievalCountIsNotStatic" name="test_failure_path_compact_sets_retrieval_count_2" time="3.006" /><testcase classname="unit.test_single_truth_channel.TestRetrievalCountIsNotStatic" name="test_container_events_conv_retrieval_count_stays_1" time="3.007" /><testcase classname="unit.test_single_truth_channel.TestRetrievalCountIsNotStatic" name="test_full_model_mode_compact_not_built" time="3.026" /><testcase classname="unit.test_single_truth_channel.TestRetrievalCountIsNotStatic" name="test_retrieval_count_not_exceeds_budget" time="6.009" /><testcase classname="unit.test_single_truth_channel.TestRetrievalCountIsNotStatic" name="test_retrieval_count_capped_when_memory_used" time="0.037" /><testcase classname="unit.test_single_truth_channel.TestSingleTruthChannelGuard" name="test_get_compact_context_accepts_exclude_event_types" time="0.003" /><testcase classname="unit.test_single_truth_channel.TestSingleTruthChannelGuard" name="test_failure_compact_builder_passes_exclude_tool_result" time="0.002" /><testcase classname="unit.test_single_truth_channel.TestSingleTruthChannelGuard" name="test_build_small_model_context_accepts_exclude_event_types" time="0.000" /><testcase classname="unit.test_single_truth_channel.TestSingleTruthChannelGuard" name="test_exclude_event_types_filters_before_compact_build" time="0.003" /><testcase classname="unit.test_single_truth_channel.TestSingleTruthChannelGuard" name="test_normal_compact_does_not_restrict_event_types" time="3.007" /><testcase classname="unit.test_single_truth_channel.TestSingleTruthChannelGuard" name="test_tool_result_single_channel_assertion" time="0.000" /><testcase classname="unit.test_single_truth_channel.TestCompactMetaRetrievalCountWired" name="test_normal_budget_wires_retrieval_count_1_into_limits" time="0.004" /><testcase classname="unit.test_single_truth_channel.TestCompactMetaRetrievalCountWired" name="test_failure_budget_wires_retrieval_count_2_into_limits" time="0.003" /><testcase classname="unit.test_single_truth_channel.TestCompactMetaRetrievalCountWired" name="test_container_conv_wires_retrieval_count_1_even_in_failure" time="0.004" /><testcase classname="unit.test_container_commander_gaming_route_contract" name="test_engine_has_runtime_preflight_and_connection_resolver_contract" time="0.001" /><testcase classname="unit.test_container_commander_gaming_route_contract" name="test_mcp_request_container_returns_connection_and_auto_gaming_blueprint" time="0.001" /><testcase classname="unit.test_container_commander_gaming_route_contract" name="test_primary_gaming_dockerfile_patches_dumb_udev_input_classification" time="0.001" /><testcase classname="unit.test_container_commander_gaming_route_contract" name="test_ensure_gaming_blueprint_patches_existing_missing_nvidia_caps" time="0.025" /><testcase classname="unit.test_container_commander_gaming_route_contract" name="test_ensure_gaming_blueprint_no_update_when_nvidia_caps_already_set" time="0.003" /><testcase classname="unit.test_container_commander_gaming_route_contract" name="test_ensure_gaming_blueprint_creates_host_bridge_profile_by_default" time="0.003" /><testcase classname="unit.test_container_commander_gaming_route_contract" name="test_host_bridge_profile_keeps_steam_and_userdata_mounts" time="0.001" /><testcase classname="unit.test_container_commander_gaming_route_contract" name="test_host_bridge_profile_keeps_games_out_of_static_mounts" time="0.001" /><testcase classname="unit.test_container_commander_gaming_route_contract" name="test_host_bridge_profile_adds_persistent_volume_mounts_when_storage_assets_are_missing" time="0.001" /><testcase classname="unit.test_container_commander_gaming_route_contract" name="test_resolve_gaming_station_games_intents_prefers_published_games_asset" time="0.000" /><testcase classname="unit.test_container_commander_gaming_route_contract" name="test_host_bridge_dockerfile_writes_unindented_start_script" time="0.003" /><testcase classname="unit.test_container_commander_gaming_route_contract" name="test_orchestrator_build_tool_args_has_gaming_fallbacks" time="0.000" /><testcase classname="unit.test_container_commander_gaming_route_contract" name="test_gaming_blueprint_prefers_published_storage_assets_when_available" time="0.000" /><testcase classname="unit.test_skill_discovery_drift_parity.TestSkillDiscoveryConfigGetter" name="test_default_true" time="0.001" /><testcase classname="unit.test_skill_discovery_drift_parity.TestSkillDiscoveryConfigGetter" name="test_env_override_false" time="0.001" /><testcase classname="unit.test_skill_discovery_drift_parity.TestDiscoveryDriftAndParity" name="test_discovery_disabled_skips_graph_path" time="0.009" /><testcase classname="unit.test_skill_discovery_drift_parity.TestDiscoveryDriftAndParity" name="test_enabled_disabled_parity_when_graph_empty" time="0.002" /><testcase classname="unit.test_skill_discovery_drift_parity.TestDiscoveryDriftAndParity" name="test_graph_discovery_filters_ghost_and_uses_truth_skill" time="0.002" /><testcase classname="unit.test_skill_discovery_drift_parity.TestDiscoveryDriftAndParity" name="test_graph_unavailable_falls_back_to_local_matching" time="0.002" /><testcase classname="unit.test_skill_discovery_drift_parity.TestOrchestratorDiscoveryGateSource" name="test_orchestrator_contains_discovery_gate" time="0.001" /><testcase classname="unit.test_skill_package_policy.TestPackagePolicyConfigGetter" name="test_default_is_allowlist_auto" time="0.001" /><testcase classname="unit.test_skill_package_policy.TestPackagePolicyConfigGetter" name="test_env_override_manual_only" time="0.001" /><testcase classname="unit.test_skill_package_policy.TestPackagePolicyConfigGetter" name="test_unknown_value_falls_back_to_allowlist_auto" time="0.002" /><testcase classname="unit.test_skill_package_policy.TestPackagePolicyNonAllowlisted" name="test_non_allowlisted_does_not_auto_install" time="0.023" /><testcase classname="unit.test_skill_package_policy.TestPackagePolicyNonAllowlisted" name="test_non_allowlisted_does_not_call_create_skill" time="0.007" /><testcase classname="unit.test_skill_package_policy.TestPackagePolicyNonAllowlisted" name="test_non_allowlisted_returns_pending_approval" time="0.006" /><testcase classname="unit.test_skill_package_policy.TestPackagePolicyAllowlisted" name="test_allowlisted_calls_auto_install" time="0.008" /><testcase classname="unit.test_skill_package_policy.TestPackagePolicyAllowlisted" name="test_allowlisted_create_skill_called" time="0.007" /><testcase classname="unit.test_skill_package_policy.TestPackagePolicyAllowlisted" name="test_allowlisted_install_failure_blocks_create" time="0.007" /><testcase classname="unit.test_skill_package_policy.TestPackagePolicyMixedList" name="test_mixed_any_non_allowlisted_pending_approval" time="0.006" /><testcase classname="unit.test_skill_package_policy.TestPackagePolicyMixedList" name="test_mixed_no_auto_install_when_any_non_allowlisted" time="0.006" /><testcase classname="unit.test_skill_package_policy.TestPackagePolicyManualOnly" name="test_manual_only_does_not_call_allowlist" time="0.007" /><testcase classname="unit.test_skill_package_policy.TestPackagePolicyManualOnly" name="test_manual_only_returns_needs_package_install" time="0.006" /><testcase classname="unit.test_skill_package_policy.TestPackagePolicyFailClosedAllowlist" name="test_empty_allowlist_all_packages_non_allowlisted" time="0.007" /><testcase classname="unit.test_skill_package_policy.TestPackagePolicyFailClosedAllowlist" name="test_empty_allowlist_no_auto_install" time="0.006" /><testcase classname="unit.test_skill_package_policy.TestPackagePolicySourceInspection" name="test_auto_install_packages_in_mini_control_layer" time="0.000" /><testcase classname="unit.test_skill_package_policy.TestPackagePolicySourceInspection" name="test_get_package_allowlist_in_mini_control_layer" time="0.000" /><testcase classname="unit.test_skill_package_policy.TestPackagePolicySourceInspection" name="test_mini_control_layer_pending_package_approval" time="0.000" /><testcase classname="unit.test_skill_package_policy.TestPackagePolicySourceInspection" name="test_server_pending_package_approval_shape" time="0.000" /><testcase classname="unit.test_skill_package_policy.TestPackagePolicySourceInspection" name="test_server_uses_auto_install_packages" time="0.000" /><testcase classname="unit.test_skill_package_policy.TestPackagePolicySourceInspection" name="test_server_uses_get_package_allowlist" time="0.000" /><testcase classname="unit.test_skill_package_policy.TestAutonomousTaskResultToDict" name="test_needs_package_install_action_unaffected" time="0.005" /><testcase classname="unit.test_skill_package_policy.TestAutonomousTaskResultToDict" name="test_pending_package_approval_event_type" time="0.000" /><testcase classname="unit.test_skill_package_policy.TestAutonomousTaskResultToDict" name="test_pending_package_approval_missing_packages_list" time="0.000" /><testcase classname="unit.test_skill_package_policy.TestAutonomousTaskResultToDict" name="test_pending_package_approval_needs_package_approval" time="0.000" /><testcase classname="unit.test_skill_package_policy.TestAutonomousTaskResultToDict" name="test_pending_package_approval_needs_package_install" time="0.000" /><testcase classname="unit.test_skill_package_policy.TestOrchestratorApprovalEventRouting" name="test_orchestrator_detects_approval_requested_event" time="0.001" /><testcase classname="unit.test_skill_package_policy.TestOrchestratorApprovalEventRouting" name="test_orchestrator_detects_pending_package_approval_action" time="0.000" /><testcase classname="unit.test_skill_package_policy.TestOrchestratorApprovalEventRouting" name="test_orchestrator_uses_dynamic_entry_type" time="0.000" /><testcase classname="unit.test_orchestrator_domain_container_policy_utils" name="test_looks_like_host_runtime_lookup_requires_target_and_lookup_verb" time="0.000" /><testcase classname="unit.test_orchestrator_domain_container_policy_utils" name="test_container_state_has_active_target_detects_ids_and_running_rows" time="0.000" /><testcase classname="unit.test_orchestrator_domain_container_policy_utils" name="test_container_query_classifiers_split_capability_inventory_blueprint_binding_and_request" time="0.000" /><testcase classname="unit.test_orchestrator_domain_container_policy_utils" name="test_skill_catalog_context_query_and_priority_respect_exclusions_and_resolution" time="0.000" /><testcase classname="unit.test_orchestrator_domain_container_policy_utils" name="test_apply_domain_route_to_plan_seeds_exec_for_host_runtime_lookup" time="0.000" /><testcase classname="unit.test_orchestrator_domain_container_policy_utils" name="test_tool_name_list_filters_empty_entries" time="0.000" /><testcase classname="unit.test_orchestrator_domain_container_policy_utils" name="test_get_effective_resolution_strategy_prefers_authoritative_value" time="0.000" /><testcase classname="unit.test_orchestrator_domain_container_policy_utils" name="test_select_read_only_skill_tool_for_query_prefers_draft_hint" time="0.000" /><testcase classname="unit.test_orchestrator_domain_container_policy_utils" name="test_materialize_skill_catalog_policy_builds_inventory_read_only_contract" time="0.000" /><testcase classname="unit.test_orchestrator_domain_container_policy_utils" name="test_record_and_finalize_execution_tool_trace_capture_skill_catalog_reroute" time="0.000" /><testcase classname="unit.test_orchestrator_domain_container_policy_utils" name="test_apply_domain_tool_policy_replaces_request_container_on_host_runtime_lookup" time="0.000" /><testcase classname="unit.test_orchestrator_domain_container_policy_utils" name="test_rewrite_home_start_request_tools_marks_fast_path" time="0.000" /><testcase classname="unit.test_orchestrator_domain_container_policy_utils" name="test_prioritize_home_container_tools_prepends_container_discovery_and_normalizes_home_read" time="0.000" /><testcase classname="unit.test_orchestrator_domain_container_policy_utils" name="test_prioritize_active_container_capability_tools_prefers_inspect_and_filters_noise" time="0.000" /><testcase classname="unit.test_orchestrator_domain_container_policy_utils" name="test_materialize_container_query_policy_for_blueprint_catalog" time="0.000" /><testcase classname="unit.test_orchestrator_domain_container_policy_utils" name="test_apply_container_query_policy_prefers_container_inspect_for_binding_with_active_target" time="0.000" /><testcase classname="unit.test_orchestrator_domain_container_policy_utils" name="test_apply_container_query_policy_marks_home_start_reuse_mode" time="0.000" /><testcase classname="unit.test_orchestrator_semantic_context_utils" name="test_derive_container_addon_tags_from_inspect_extracts_identity_and_image_tags" time="0.000" /><testcase classname="unit.test_orchestrator_semantic_context_utils" name="test_parse_list_skills_runtime_snapshot_reads_structured_content" time="0.000" /><testcase classname="unit.test_orchestrator_semantic_context_utils" name="test_parse_list_draft_skills_snapshot_reads_names" time="0.000" /><testcase classname="unit.test_orchestrator_semantic_context_utils" name="test_summarize_helpers_emit_expected_lines" time="0.000" /><testcase classname="unit.test_orchestrator_semantic_context_utils" name="test_maybe_build_skill_semantic_context_direct_utility_path" time="0.002" /><testcase classname="unit.test_orchestrator_response_guard_utils" name="test_get_and_remember_consistency_entries_prune_and_roundtrip" time="0.000" /><testcase classname="unit.test_orchestrator_response_guard_utils" name="test_apply_conversation_consistency_guard_direct_utility_path" time="0.001" /><testcase classname="unit.test_orchestrator_response_guard_utils" name="test_maybe_auto_recover_grounding_once_direct_utility_path" time="0.001" /><testcase classname="unit.test_orchestrator_output_glue_utils" name="test_merge_grounding_evidence_items_dedupes_by_signature" time="0.000" /><testcase classname="unit.test_orchestrator_output_glue_utils" name="test_format_tool_result_handles_fast_lane_and_mcp_paths" time="0.000" /><testcase classname="unit.test_orchestrator_output_glue_utils" name="test_build_tool_result_card_promotes_approval_requested_event_type" time="0.000" /><testcase classname="unit.test_orchestrator_output_glue_utils" name="test_compute_ctx_mode_and_extract_workspace_observations_emit_expected_shapes" time="0.000" /><testcase classname="unit.test_orchestrator_policy_runtime_utils" name="test_classify_query_budget_signal_returns_signal_and_logs_summary" time="0.001" /><testcase classname="unit.test_orchestrator_policy_runtime_utils" name="test_apply_query_budget_tool_policy_runtime_persists_policy_and_returns_filtered_tools" time="0.000" /><testcase classname="unit.test_orchestrator_policy_runtime_utils" name="test_resolve_precontrol_policy_conflicts_runtime_logs_on_resolution" time="0.000" /><testcase classname="unit.test_orchestrator_state_runtime_utils" name="test_container_state_roundtrip_and_pending_resolution_sync" time="0.000" /><testcase classname="unit.test_orchestrator_state_runtime_utils" name="test_get_recent_grounding_state_prunes_expired_snapshot" time="0.000" /><testcase classname="unit.test_orchestrator_state_runtime_utils" name="test_remember_grounding_state_and_inject_carryover" time="0.000" /><testcase classname="unit.test_orchestrator_state_runtime_utils" name="test_resolve_followup_tool_reuse_runtime_fact_followup_marks_plan" time="0.000" /><testcase classname="unit.test_orchestrator_state_runtime_utils" name="test_resolve_followup_tool_reuse_runtime_state_only_fallback_sets_marker" time="0.000" /><testcase classname="unit.test_orchestrator_context_workspace_utils" name="test_compute_retrieval_policy_switches_to_failure_budget" time="0.000" /><testcase classname="unit.test_orchestrator_context_workspace_utils" name="test_clip_tool_context_keeps_valid_json_and_failure_marker" time="0.000" /><testcase classname="unit.test_orchestrator_context_workspace_utils" name="test_persist_master_workspace_event_filters_unknown_types_and_formats_payload" time="0.000" /><testcase classname="unit.test_orchestrator_execution_resolution_utils" name="test_collect_control_tool_decisions_uses_gate_override_without_calling_control" time="0.001" /><testcase classname="unit.test_orchestrator_execution_resolution_utils" name="test_collect_control_tool_decisions_uses_control_output" time="0.001" /><testcase classname="unit.test_orchestrator_execution_resolution_utils" name="test_resolve_execution_suggested_tools_prefers_followup_confirmation_reuse" time="0.000" /><testcase classname="unit.test_orchestrator_execution_resolution_utils" name="test_resolve_execution_suggested_tools_uses_keyword_fallback_and_control_filter" time="0.000" /><testcase classname="unit.test_orchestrator_postprocess_utils" name="test_post_task_processing_enqueues_job_and_falls_back_inline" time="0.001" /><testcase classname="unit.test_orchestrator_postprocess_utils" name="test_save_memory_saves_fact_and_skips_or_autosaves_as_expected" time="0.000" /><testcase classname="unit.test_orchestrator_compact_context_utils" name="test_get_compact_context_budget_2_fetches_container_store_and_wires_retrieval_count" time="0.002" /><testcase classname="unit.test_orchestrator_compact_context_utils" name="test_get_compact_context_returns_fail_closed_context_on_error" time="0.012" /><testcase classname="unit.test_orchestrator_compact_context_utils" name="test_apply_effective_context_guardrail_keeps_head_and_tail_with_marker" time="0.000" /><testcase classname="unit.test_orchestrator_container_candidate_utils" name="test_prepare_container_candidate_evidence_injects_history_hint_and_candidates" time="0.000" /><testcase classname="unit.test_orchestrator_container_candidate_utils" name="test_prepare_container_candidate_evidence_marks_resolver_error_when_router_blocks" time="0.000" /><testcase classname="unit.test_orchestrator_cron_intent_utils" name="test_extract_tool_domain_tag_and_explicit_intent_helpers" time="0.000" /><testcase classname="unit.test_orchestrator_cron_intent_utils" name="test_extract_one_shot_run_at_rounds_up_safely" time="0.001" /><testcase classname="unit.test_orchestrator_cron_intent_utils" name="test_build_direct_cron_create_response_and_bind_conversation" time="0.000" /><testcase classname="unit.test_orchestrator_cron_intent_utils" name="test_prevalidate_cron_policy_args_auto_heals_small_past_drift" time="0.000" /><testcase classname="unit.test_orchestrator_cron_intent_utils" name="test_normalize_tools_maps_installed_skill_and_filters_home_write" time="0.000" /><testcase classname="unit.test_orchestrator.TestPipelineOrchestratorBasic" name="test_mock_context_result" time="0.000" /><testcase classname="unit.test_orchestrator.TestPipelineOrchestratorBasic" name="test_mock_context_manager" time="0.000" /><testcase classname="unit.test_orchestrator.TestPipelineOrchestratorImport" name="test_import_orchestrator" time="0.000" /><testcase classname="unit.test_orchestrator.TestPipelineOrchestratorImport" name="test_import_get_orchestrator" time="0.000"><skipped type="pytest.skip" message="Cannot import get_orchestrator: cannot import name 'get_orchestrator' from 'core.orchestrator' (/home/danny/Jarvis/core/orchestrator.py)">/home/danny/Jarvis/tests/unit/test_orchestrator.py:147: Cannot import get_orchestrator: cannot import name 'get_orchestrator' from 'core.orchestrator' (/home/danny/Jarvis/core/orchestrator.py)</skipped></testcase><testcase classname="unit.test_orchestrator.TestThinkingLayerExecution" name="test_execute_thinking_layer" time="0.003" /><testcase classname="unit.test_orchestrator.TestOutputLayerExecution" name="test_output_layer_generate_is_callable" time="0.002" /><testcase classname="unit.test_orchestrator.TestControlLayerExecution" name="test_execute_control_layer_skip_disabled" time="0.051" /><testcase classname="unit.test_orchestrator.TestProcessStreamNotImplemented" name="test_process_stream_raises_not_implemented" time="0.000"><skipped type="pytest.skip" message="Phase 2: process_stream now implemented">/home/danny/Jarvis/tests/unit/test_orchestrator.py:245: Phase 2: process_stream now implemented</skipped></testcase><testcase classname="unit.test_orchestrator.TestSaveMemory" name="test_save_memory_with_new_fact" time="0.003" /></testsuite></testsuites>